C51 COMPILER V9.60.7.0   MAIN                                                              09/17/2023 17:52:45 PAGE 1   


C51 COMPILER V9.60.7.0, COMPILATION OF MODULE MAIN
OBJECT MODULE PLACED IN .\Objects\main.obj
COMPILER INVOKED BY: C:\Keil_v5\C51\BIN\C51.EXE main.c OPTIMIZE(8,SPEED) BROWSE DEBUG OBJECTEXTEND PRINT(.\Listings\main
                    -.lst) TABS(2) OBJECT(.\Objects\main.obj)

line level    source

   1          #include <STC89C5xRC.H>
   2          #include "LCD1602.H"
   3          #include "Delay.H"
   4          #include "XPT2046.H"
   5          
   6          unsigned int ADValue;
   7          
   8          void main()
   9          {
  10   1        LCD_Init();
  11   1        LCD_ShowString(1,1,"ADJ NTC RG");
  12   1        while(1)
  13   1        {
  14   2          ADValue = XPT2046_ReadAD(XPT2046_XP);
  15   2          LCD_ShowNum(2,1,ADValue,3);
  16   2          ADValue = XPT2046_ReadAD(XPT2046_YP);
  17   2          LCD_ShowNum(2,5,ADValue,3);
  18   2          ADValue = XPT2046_ReadAD(XPT2046_VBAT);
  19   2          LCD_ShowNum(2,9,ADValue,3);
  20   2          Delay(10);
  21   2        }
  22   1      }


MODULE INFORMATION:   STATIC OVERLAYABLE
   CODE SIZE        =     94    ----
   CONSTANT SIZE    =     11    ----
   XDATA SIZE       =   ----    ----
   PDATA SIZE       =   ----    ----
   DATA SIZE        =      2    ----
   IDATA SIZE       =   ----    ----
   BIT SIZE         =   ----    ----
END OF MODULE INFORMATION.


C51 COMPILATION COMPLETE.  0 WARNING(S),  0 ERROR(S)
