C51 COMPILER V9.60.7.0   MAIN                                                              09/13/2023 18:24:06 PAGE 1   


C51 COMPILER V9.60.7.0, COMPILATION OF MODULE MAIN
OBJECT MODULE PLACED IN .\Objects\main.obj
COMPILER INVOKED BY: C:\Keil_v5\C51\BIN\C51.EXE main.c OPTIMIZE(8,SPEED) BROWSE DEBUG OBJECTEXTEND PRINT(.\Listings\main
                    -.lst) TABS(2) OBJECT(.\Objects\main.obj)

line level    source

   1          #include <STC89C5xRC.H>
   2          #include <Timer0.h>
   3          
   4          /*void Timer0_Init()
   5          {
   6            TMOD &= 0xF0;   
   7            TMOD |= 0x01;   
   8            TL0 = 0x66;   
   9            TH0 = 0xFC;   
  10            TF0 = 0;    
  11            TR0 = 1;    
  12            ET0 = 1;
  13            EA = 1;
  14            PT0 = 0;
  15          }*/
  16          
  17          
  18          void main()
  19          {
  20   1        Timer0_Init();
  21   1        while(1)
  22   1        {
  23   2          
  24   2        }
  25   1      }
  26          
  27          unsigned int T0Count;
  28          void Timer0_Routine() interrupt 1
  29          {
  30   1        TL0 = 0x66;   
  31   1        TH0 = 0xFC;
  32   1        T0Count++;
  33   1        if(T0Count>=1000)
  34   1        {
  35   2          T0Count = 0;
  36   2          P20 = ~P20;
  37   2        }
  38   1      }


MODULE INFORMATION:   STATIC OVERLAYABLE
   CODE SIZE        =     45    ----
   CONSTANT SIZE    =   ----    ----
   XDATA SIZE       =   ----    ----
   PDATA SIZE       =   ----    ----
   DATA SIZE        =      2    ----
   IDATA SIZE       =   ----    ----
   BIT SIZE         =   ----    ----
END OF MODULE INFORMATION.


C51 COMPILATION COMPLETE.  0 WARNING(S),  0 ERROR(S)
